#! /c/Source/iverilog-install/bin/vvp
:ivl_version "12.0 (devel)" "(s20150603-1539-g2693dd32b)";
:ivl_delay_selection "TYPICAL";
:vpi_time_precision + 0;
:vpi_module "C:\iverilog\lib\ivl\system.vpi";
:vpi_module "C:\iverilog\lib\ivl\vhdl_sys.vpi";
:vpi_module "C:\iverilog\lib\ivl\vhdl_textio.vpi";
:vpi_module "C:\iverilog\lib\ivl\v2005_math.vpi";
:vpi_module "C:\iverilog\lib\ivl\va_math.vpi";
S_000001f19c336470 .scope module, "instruction_memory" "instruction_memory" 2 1;
 .timescale 0 0;
    .port_info 0 /INPUT 32 "pc";
    .port_info 1 /OUTPUT 32 "instr";
v000001f19c336c60_0 .var "instr", 31 0;
o000001f19c387008 .functor BUFZ 32, C4<zzzzzzzzzzzzzzzzzzzzzzzzzzzzzzzz>; HiZ drive
v000001f19c33ee50_0 .net "pc", 31 0, o000001f19c387008;  0 drivers
E_000001f19c33d8e0 .event anyedge, v000001f19c33ee50_0;
    .scope S_000001f19c336470;
T_0 ;
    %wait E_000001f19c33d8e0;
    %load/vec4 v000001f19c33ee50_0;
    %dup/vec4;
    %pushi/vec4 0, 0, 32;
    %cmp/u;
    %jmp/1 T_0.0, 6;
    %dup/vec4;
    %pushi/vec4 4, 0, 32;
    %cmp/u;
    %jmp/1 T_0.1, 6;
    %dup/vec4;
    %pushi/vec4 8, 0, 32;
    %cmp/u;
    %jmp/1 T_0.2, 6;
    %dup/vec4;
    %pushi/vec4 12, 0, 32;
    %cmp/u;
    %jmp/1 T_0.3, 6;
    %dup/vec4;
    %pushi/vec4 16, 0, 32;
    %cmp/u;
    %jmp/1 T_0.4, 6;
    %dup/vec4;
    %pushi/vec4 20, 0, 32;
    %cmp/u;
    %jmp/1 T_0.5, 6;
    %dup/vec4;
    %pushi/vec4 24, 0, 32;
    %cmp/u;
    %jmp/1 T_0.6, 6;
    %dup/vec4;
    %pushi/vec4 28, 0, 32;
    %cmp/u;
    %jmp/1 T_0.7, 6;
    %pushi/vec4 0, 0, 32;
    %store/vec4 v000001f19c336c60_0, 0, 32;
    %jmp T_0.9;
T_0.0 ;
    %pushi/vec4 4291076739, 0, 32;
    %store/vec4 v000001f19c336c60_0, 0, 32;
    %jmp T_0.9;
T_0.1 ;
    %pushi/vec4 6480435, 0, 32;
    %store/vec4 v000001f19c336c60_0, 0, 32;
    %jmp T_0.9;
T_0.2 ;
    %pushi/vec4 6595619, 0, 32;
    %store/vec4 v000001f19c336c60_0, 0, 32;
    %jmp T_0.9;
T_0.3 ;
    %pushi/vec4 2228755, 0, 32;
    %store/vec4 v000001f19c336c60_0, 0, 32;
    %jmp T_0.9;
T_0.4 ;
    %pushi/vec4 4497955, 0, 32;
    %store/vec4 v000001f19c336c60_0, 0, 32;
    %jmp T_0.9;
T_0.5 ;
    %pushi/vec4 4498051, 0, 32;
    %store/vec4 v000001f19c336c60_0, 0, 32;
    %jmp T_0.9;
T_0.6 ;
    %pushi/vec4 5403187, 0, 32;
    %store/vec4 v000001f19c336c60_0, 0, 32;
    %jmp T_0.9;
T_0.7 ;
    %pushi/vec4 4233233635, 0, 32;
    %store/vec4 v000001f19c336c60_0, 0, 32;
    %jmp T_0.9;
T_0.9 ;
    %pop/vec4 1;
    %jmp T_0;
    .thread T_0, $push;
# The file index is used to find the file name in the following table.
:file_names 3;
    "N/A";
    "<interactive>";
    "instruction_memory.v";
